./sdriver.pl -t trace01.txt -s ./tsh -a "-p"
#
# trace01.txt - Properly terminate on EOF.
#
./sdriver.pl -t trace02.txt -s ./tsh -a "-p"
#
# trace02.txt - Process builtin quit command.
#
./sdriver.pl -t trace03.txt -s ./tsh -a "-p"
#
# trace03.txt - Run a foreground job.
#
tsh> quit
./sdriver.pl -t trace04.txt -s ./tsh -a "-p"
#
# trace04.txt - Run a background job.
#
tsh> ./myspin 1 &
[1] (16019) ./myspin 1 &
./sdriver.pl -t trace05.txt -s ./tsh -a "-p"
#
# trace05.txt - Process jobs builtin command.
#
tsh> ./myspin 2 &
[1] (16036) ./myspin 2 &
tsh> ./myspin 3 &
[2] (16038) ./myspin 3 &
tsh> jobs
[1] (16036) Running ./myspin 2 &
[2] (16038) Running ./myspin 3 &
./sdriver.pl -t trace06.txt -s ./tsh -a "-p"
#
# trace06.txt - Forward SIGINT to foreground job.
#
tsh> ./myspin 4
Job [1] (16080) terminated by signal 2
./sdriver.pl -t trace07.txt -s ./tsh -a "-p"
#
# trace07.txt - Forward SIGINT only to foreground job.
#
tsh> ./myspin 4 &
[1] (16085) ./myspin 4 &
tsh> ./myspin 5
Job [2] (16087) terminated by signal 2
tsh> jobs
[1] (16085) Running ./myspin 4 &
./sdriver.pl -t trace08.txt -s ./tsh -a "-p"
#
# trace08.txt - Forward SIGTSTP only to foreground job.
#
tsh> ./myspin 4 &
[1] (16128) ./myspin 4 &
tsh> ./myspin 5
Job [2] (16130) stopped by signal 20
tsh> jobs
[1] (16128) Running ./myspin 4 &
[2] (16130) Stopped ./myspin 5 
./sdriver.pl -t trace09.txt -s ./tsh -a "-p"
#
# trace09.txt - Process bg builtin command
#
tsh> ./myspin 4 &
[1] (16166) ./myspin 4 &
tsh> ./myspin 5
Job [2] (16168) stopped by signal 20
tsh> jobs
[1] (16166) Running ./myspin 4 &
[2] (16168) Stopped ./myspin 5 
tsh> bg %2
[2] (16168) ./myspin 5 
tsh> jobs
[1] (16166) Running ./myspin 4 &
[2] (16168) Running ./myspin 5 
./sdriver.pl -t trace10.txt -s ./tsh -a "-p"
#
# trace10.txt - Process fg builtin command. 
#
tsh> ./myspin 4 &
[1] (16203) ./myspin 4 &
tsh> fg %1
Job [1] (16203) stopped by signal 20
tsh> jobs
[1] (16203) Stopped ./myspin 4 &
tsh> fg %1
tsh> jobs
./sdriver.pl -t trace11.txt -s ./tsh -a "-p"
#
# trace11.txt - Forward SIGINT to every process in foreground process group
#
tsh> ./mysplit 4
Job [1] (16240) terminated by signal 2
tsh> /bin/ps a
    PID TTY      STAT   TIME COMMAND
    847 tty1     Ss+    0:00 /sbin/agetty -o -p -- \u --noclear - linux
  14197 pts/3    Ss     0:00 /bin/bash --init-file /home/wangfiox/.cursor-server/cli/servers/Stable-8ea935e79a50a02da912a034bbeda84a6d3d3550/server/out/vs/workbench/contrib/terminal/common/scripts/shellIntegration-bash.sh
  15605 pts/3    Sl+    0:00 vim -
  15834 pts/4    Ss     0:00 /bin/bash --init-file /home/wangfiox/.cursor-server/cli/servers/Stable-8ea935e79a50a02da912a034bbeda84a6d3d3550/server/out/vs/workbench/contrib/terminal/common/scripts/shellIntegration-bash.sh
  16004 pts/4    S+     0:00 /bin/bash ./tsh_output.sh
  16237 pts/4    S+     0:00 /usr/bin/perl ./sdriver.pl -t trace11.txt -s ./tsh -a -p
  16238 pts/4    S+     0:00 ./tsh -p
  16243 pts/4    R      0:00 /bin/ps a
./sdriver.pl -t trace12.txt -s ./tsh -a "-p"
#
# trace12.txt - Forward SIGTSTP to every process in foreground process group
#
tsh> ./mysplit 4
Job [1] (16248) stopped by signal 20
tsh> jobs
[1] (16248) Stopped ./mysplit 4 
tsh> /bin/ps a
    PID TTY      STAT   TIME COMMAND
    847 tty1     Ss+    0:00 /sbin/agetty -o -p -- \u --noclear - linux
  14197 pts/3    Ss     0:00 /bin/bash --init-file /home/wangfiox/.cursor-server/cli/servers/Stable-8ea935e79a50a02da912a034bbeda84a6d3d3550/server/out/vs/workbench/contrib/terminal/common/scripts/shellIntegration-bash.sh
  15605 pts/3    Sl+    0:00 vim -
  15834 pts/4    Ss     0:00 /bin/bash --init-file /home/wangfiox/.cursor-server/cli/servers/Stable-8ea935e79a50a02da912a034bbeda84a6d3d3550/server/out/vs/workbench/contrib/terminal/common/scripts/shellIntegration-bash.sh
  16004 pts/4    S+     0:00 /bin/bash ./tsh_output.sh
  16245 pts/4    S+     0:00 /usr/bin/perl ./sdriver.pl -t trace12.txt -s ./tsh -a -p
  16246 pts/4    S+     0:00 ./tsh -p
  16248 pts/4    T      0:00 ./mysplit 4
  16249 pts/4    T      0:00 ./mysplit 4
  16270 pts/4    R      0:00 /bin/ps a
./sdriver.pl -t trace13.txt -s ./tsh -a "-p"
#
# trace13.txt - Restart every stopped process in process group
#
tsh> ./mysplit 4
Job [1] (16275) stopped by signal 20
tsh> jobs
[1] (16275) Stopped ./mysplit 4 
tsh> /bin/ps a
    PID TTY      STAT   TIME COMMAND
    847 tty1     Ss+    0:00 /sbin/agetty -o -p -- \u --noclear - linux
  14197 pts/3    Ss     0:00 /bin/bash --init-file /home/wangfiox/.cursor-server/cli/servers/Stable-8ea935e79a50a02da912a034bbeda84a6d3d3550/server/out/vs/workbench/contrib/terminal/common/scripts/shellIntegration-bash.sh
  15605 pts/3    Sl+    0:00 vim -
  15834 pts/4    Ss     0:00 /bin/bash --init-file /home/wangfiox/.cursor-server/cli/servers/Stable-8ea935e79a50a02da912a034bbeda84a6d3d3550/server/out/vs/workbench/contrib/terminal/common/scripts/shellIntegration-bash.sh
  16004 pts/4    S+     0:00 /bin/bash ./tsh_output.sh
  16272 pts/4    S+     0:00 /usr/bin/perl ./sdriver.pl -t trace13.txt -s ./tsh -a -p
  16273 pts/4    S+     0:00 ./tsh -p
  16275 pts/4    T      0:00 ./mysplit 4
  16276 pts/4    T      0:00 ./mysplit 4
  16288 pts/4    R      0:00 /bin/ps a
tsh> fg %1
tsh> /bin/ps a
    PID TTY      STAT   TIME COMMAND
    847 tty1     Ss+    0:00 /sbin/agetty -o -p -- \u --noclear - linux
  14197 pts/3    Ss     0:00 /bin/bash --init-file /home/wangfiox/.cursor-server/cli/servers/Stable-8ea935e79a50a02da912a034bbeda84a6d3d3550/server/out/vs/workbench/contrib/terminal/common/scripts/shellIntegration-bash.sh
  15605 pts/3    Sl+    0:00 vim -
  15834 pts/4    Ss     0:00 /bin/bash --init-file /home/wangfiox/.cursor-server/cli/servers/Stable-8ea935e79a50a02da912a034bbeda84a6d3d3550/server/out/vs/workbench/contrib/terminal/common/scripts/shellIntegration-bash.sh
  16004 pts/4    S+     0:00 /bin/bash ./tsh_output.sh
  16272 pts/4    S+     0:00 /usr/bin/perl ./sdriver.pl -t trace13.txt -s ./tsh -a -p
  16273 pts/4    S+     0:00 ./tsh -p
  16296 pts/4    R      0:00 /bin/ps a
./sdriver.pl -t trace14.txt -s ./tsh -a "-p"
#
# trace14.txt - Simple error handling
#
tsh> ./bogus
./bogus: Command not found.
tsh> ./myspin 4 &
[1] (16303) ./myspin 4 &
tsh> fg
fg command requires PID or %jobid argument
tsh> bg
bg command requires PID or %jobid argument
tsh> fg a
fg: argument must be a PID or %jobid
tsh> bg a
bg: argument must be a PID or %jobid
tsh> fg 9999999
(9999999): No such process
tsh> bg 9999999
(9999999): No such process
tsh> fg %2
%2: No such job
tsh> fg %1
Job [1] (16303) stopped by signal 20
tsh> bg %2
%2: No such job
tsh> bg %1
[1] (16303) ./myspin 4 &
tsh> jobs
[1] (16303) Running ./myspin 4 &
./sdriver.pl -t trace15.txt -s ./tsh -a "-p"
#
# trace15.txt - Putting it all together
#
tsh> ./bogus
./bogus: Command not found.
tsh> ./myspin 10
Job [1] (16349) terminated by signal 2
tsh> ./myspin 3 &
[1] (16364) ./myspin 3 &
tsh> ./myspin 4 &
[2] (16366) ./myspin 4 &
tsh> jobs
[1] (16364) Running ./myspin 3 &
[2] (16366) Running ./myspin 4 &
tsh> fg %1
Job [1] (16364) stopped by signal 20
tsh> jobs
[1] (16364) Stopped ./myspin 3 &
[2] (16366) Running ./myspin 4 &
tsh> bg %3
%3: No such job
tsh> bg %1
[1] (16364) ./myspin 3 &
tsh> jobs
[1] (16364) Running ./myspin 3 &
[2] (16366) Running ./myspin 4 &
tsh> fg %1
tsh> quit
./sdriver.pl -t trace16.txt -s ./tsh -a "-p"
#
# trace16.txt - Tests whether the shell can handle SIGTSTP and SIGINT
#     signals that come from other processes instead of the terminal.
#
tsh> ./mystop 2
Job [1] (16389) stopped by signal 20
tsh> jobs
[1] (16389) Stopped ./mystop 2
tsh> ./myint 2
Job [2] (16420) terminated by signal 2
